Archive Project report for cross_bar
Wed Sep 09 01:43:01 2020
Quartus Prime Version 16.1.2 Build 203 01/18/2017 SJ Standard Edition


---------------------
; Table of Contents ;
---------------------
  1. Legal Notice
  2. Archive Project Summary
  3. Archive Project Messages
  4. Files Archived



----------------
; Legal Notice ;
----------------
Copyright (C) 2017  Intel Corporation. All rights reserved.
Your use of Intel Corporation's design tools, logic functions 
and other software and tools, and its AMPP partner logic 
functions, and any output files from any of the foregoing 
(including device programming or simulation files), and any 
associated documentation or information are expressly subject 
to the terms and conditions of the Intel Program License 
Subscription Agreement, the Intel Quartus Prime License Agreement,
the Intel MegaCore Function License Agreement, or other 
applicable license agreement, including, without limitation, 
that your use is for the sole purpose of programming logic 
devices manufactured by Intel and sold by Intel or its 
authorized distributors.  Please refer to the applicable 
agreement for further details.



+----------------------------------------------------------------+
; Archive Project Summary                                        ;
+------------------------+---------------------------------------+
; Archive Project Status ; Successful - Wed Sep 09 01:43:01 2020 ;
; Revision Name          ; cross_bar                             ;
; Top-level Entity Name  ; top                                   ;
; Family                 ; Cyclone V                             ;
+------------------------+---------------------------------------+


+--------------------------+
; Archive Project Messages ;
+--------------------------+
Info: File Set 'Custom' contains:
    Info: Automatically detected source files
    Info: Report files
    Info: Project source and settings files
Info: Archive will store files relative to the closest common parent directory
Info (13213): Using common directory C:/Users/Vladislav/Desktop/fpga/Syntacore/syntacore/
Info: ----------------------------------------------------------
Info: ----------------------------------------------------------
Info: Generated archive 'C:/Users/Vladislav/Desktop/fpga/Syntacore/syntacore/prj/quartus/cross_bar.qar'
Info: ----------------------------------------------------------
Info: ----------------------------------------------------------
Info: Generated report 'cross_bar.archive.rpt'
Info (23030): Evaluation of Tcl script c:/intelfpga/16.1/quartus/common/tcl/apps/qpm/qar.tcl was successful
Info: Quartus Prime Shell was successful. 0 errors, 0 warnings
    Info: Peak virtual memory: 4839 megabytes
    Info: Processing ended: Wed Sep 09 01:43:01 2020
    Info: Elapsed time: 00:00:01
    Info: Total CPU time (on all processors): 00:00:01


+----------------------------------------------------------------------------------------+
; Files Archived                                                                         ;
+----------------------------------------------------------------------------------------+
; File Name                                                                              ;
+----------------------------------------------------------------------------------------+
; ../../rtl/cross_bar.sv                                                                 ;
; ../../rtl/cross_bar_wrapper.sv                                                         ;
; ../src/top.sv                                                                          ;
; C:/Users/Vladislav/Desktop/fpga/Syntacore/syntacore/prj/src/top.sv                     ;
; C:/Users/Vladislav/Desktop/fpga/Syntacore/syntacore/rtl/cross_bar.sv                   ;
; C:/Users/Vladislav/Desktop/fpga/Syntacore/syntacore/rtl/cross_bar_wrapper.sv           ;
; C:/Users/Vladislav/Desktop/fpga/Syntacore/syntacore/rtl/include/commutation_block.sv   ;
; C:/Users/Vladislav/Desktop/fpga/Syntacore/syntacore/rtl/include/interface.sv           ;
; C:/Users/Vladislav/Desktop/fpga/Syntacore/syntacore/rtl/include/request_listener.sv    ;
; C:/Users/Vladislav/Desktop/fpga/Syntacore/syntacore/rtl/include/round_robin_arbiter.sv ;
; cross_bar.qpf                                                                          ;
; cross_bar.qsf                                                                          ;
; cross_bar_assignment_defaults.qdf                                                      ;
; output_files/cross_bar.asm.rpt                                                         ;
; output_files/cross_bar.fit.rpt                                                         ;
; output_files/cross_bar.fit.smsg                                                        ;
; output_files/cross_bar.fit.summary                                                     ;
; output_files/cross_bar.flow.rpt                                                        ;
; output_files/cross_bar.map.rpt                                                         ;
; output_files/cross_bar.map.summary                                                     ;
; output_files/cross_bar.pin                                                             ;
; output_files/cross_bar.sta.rpt                                                         ;
; output_files/cross_bar.sta.summary                                                     ;
; simple_sdc.sdc                                                                         ;
+----------------------------------------------------------------------------------------+


